1707930744040:c Vlad Derzhavin 20
1707930746839:r
1707930992686:c --a 20 --fn Vlad --ln Derzhavin
1707930997877:r
1707931543929:c --a 20 --ln Derzhavin --fn Vlad
1707931656757:r
1707931685339:c --a 20 --ln Derzhavin --fn Vlad
1707931688003:r
1707931739223:c Vlad Derzhavin 20
1707931742052:r
1707931927019:d
1707931933106:d 0
1707931976695:c Vlad Derzhavin 20
1707931984373:r
1707931988691:d 1990349b-9ae7-4ff5-a078-233cf33f1e75
1707931996302:r
1707932003463:c Vlad Derzhavin 20
1707932007924:d 01
1707932069142:c Vlad Derzhavin 20
1707932072518:d 0
1707932107473:c Vlad Derzhavin 20
1707932110535:r
1707932119397:d 00760ab3-e2cd-4452-b3cb-9071aa5be40
1707932126151:00760ab3-e2cd-4452-b3cb-9071aa5be40e
1707932131106:d 00760ab3-e2cd-4452-b3cb-9071aa5be40e
1707932133166:r
1707932234475:c Vlad Der 20
1707932237105:r
1707932239605:clear
1707932257814:r
1707932264311:a
1707932265726:s
1707932266418:d
1707932266916:f
1707932268756:clear
1707932290726:createStudent Nika Sibova 20
1707932342694:c Vlad Derz 20
1707932347610:c Nika Sib 20
1707932348711:r
1707932353136:clear
1707932407504:c Vlad Derz 20
1707932413834:c Nika Sibova 20
1707932414898:r
1707932416728:ca
1707932418548:r
